  [1m[36m (0.1ms)[0m  [1mselect sqlite_version(*)[0m
  [1m[35m (24.9ms)[0m  CREATE TABLE "schema_migrations" ("version" varchar(255) NOT NULL) 
  [1m[36m (0.1ms)[0m  [1mPRAGMA index_list("schema_migrations")[0m
  [1m[35m (11.4ms)[0m  CREATE UNIQUE INDEX "unique_schema_migrations" ON "schema_migrations" ("version")
  [1m[36m (1.7ms)[0m  [1mSELECT "schema_migrations"."version" FROM "schema_migrations" [0m
Migrating to CreateMovies (20111119180638)
  [1m[35m (5.2ms)[0m  CREATE TABLE "movies" ("id" INTEGER PRIMARY KEY AUTOINCREMENT NOT NULL, "title" varchar(255), "rating" varchar(255), "description" text, "release_date" datetime, "created_at" datetime, "updated_at" datetime) 
  [1m[36m (1.8ms)[0m  [1mINSERT INTO "schema_migrations" ("version") VALUES ('20111119180638')[0m
  [1m[35m (6.3ms)[0m  select sqlite_version(*)
  [1m[36m (7.5ms)[0m  [1mSELECT "schema_migrations"."version" FROM "schema_migrations" [0m
  [1m[35m (0.0ms)[0m  PRAGMA index_list("movies")
  [1m[36m (2.1ms)[0m  [1mSELECT "schema_migrations"."version" FROM "schema_migrations" [0m
  [1m[35mSQL (42.8ms)[0m  INSERT INTO "movies" ("created_at", "description", "rating", "release_date", "title", "updated_at") VALUES (?, ?, ?, ?, ?, ?)  [["created_at", Tue, 23 Jul 2013 05:43:54 UTC +00:00], ["description", nil], ["rating", "G"], ["release_date", Wed, 25 Nov 1992 00:00:00 UTC +00:00], ["title", "Aladdin"], ["updated_at", Tue, 23 Jul 2013 05:43:54 UTC +00:00]]
  [1m[36mSQL (4.9ms)[0m  [1mINSERT INTO "movies" ("created_at", "description", "rating", "release_date", "title", "updated_at") VALUES (?, ?, ?, ?, ?, ?)[0m  [["created_at", Tue, 23 Jul 2013 05:43:54 UTC +00:00], ["description", nil], ["rating", "R"], ["release_date", Fri, 26 Oct 1984 00:00:00 UTC +00:00], ["title", "The Terminator"], ["updated_at", Tue, 23 Jul 2013 05:43:54 UTC +00:00]]
  [1m[35mSQL (6.4ms)[0m  INSERT INTO "movies" ("created_at", "description", "rating", "release_date", "title", "updated_at") VALUES (?, ?, ?, ?, ?, ?)  [["created_at", Tue, 23 Jul 2013 05:43:54 UTC +00:00], ["description", nil], ["rating", "R"], ["release_date", Fri, 21 Jul 1989 00:00:00 UTC +00:00], ["title", "When Harry Met Sally"], ["updated_at", Tue, 23 Jul 2013 05:43:54 UTC +00:00]]
  [1m[36mSQL (5.4ms)[0m  [1mINSERT INTO "movies" ("created_at", "description", "rating", "release_date", "title", "updated_at") VALUES (?, ?, ?, ?, ?, ?)[0m  [["created_at", Tue, 23 Jul 2013 05:43:54 UTC +00:00], ["description", nil], ["rating", "PG-13"], ["release_date", Wed, 10 Aug 2011 00:00:00 UTC +00:00], ["title", "The Help"], ["updated_at", Tue, 23 Jul 2013 05:43:54 UTC +00:00]]
  [1m[35mSQL (5.3ms)[0m  INSERT INTO "movies" ("created_at", "description", "rating", "release_date", "title", "updated_at") VALUES (?, ?, ?, ?, ?, ?)  [["created_at", Tue, 23 Jul 2013 05:43:54 UTC +00:00], ["description", nil], ["rating", "PG-13"], ["release_date", Fri, 05 Jan 2001 00:00:00 UTC +00:00], ["title", "Chocolat"], ["updated_at", Tue, 23 Jul 2013 05:43:54 UTC +00:00]]
  [1m[36mSQL (5.3ms)[0m  [1mINSERT INTO "movies" ("created_at", "description", "rating", "release_date", "title", "updated_at") VALUES (?, ?, ?, ?, ?, ?)[0m  [["created_at", Tue, 23 Jul 2013 05:43:54 UTC +00:00], ["description", nil], ["rating", "R"], ["release_date", Wed, 25 Apr 2001 00:00:00 UTC +00:00], ["title", "Amelie"], ["updated_at", Tue, 23 Jul 2013 05:43:54 UTC +00:00]]
  [1m[35mSQL (4.8ms)[0m  INSERT INTO "movies" ("created_at", "description", "rating", "release_date", "title", "updated_at") VALUES (?, ?, ?, ?, ?, ?)  [["created_at", Tue, 23 Jul 2013 05:43:54 UTC +00:00], ["description", nil], ["rating", "G"], ["release_date", Sat, 06 Apr 1968 00:00:00 UTC +00:00], ["title", "2001: A Space Odyssey"], ["updated_at", Tue, 23 Jul 2013 05:43:54 UTC +00:00]]
  [1m[36mSQL (4.8ms)[0m  [1mINSERT INTO "movies" ("created_at", "description", "rating", "release_date", "title", "updated_at") VALUES (?, ?, ?, ?, ?, ?)[0m  [["created_at", Tue, 23 Jul 2013 05:43:54 UTC +00:00], ["description", nil], ["rating", "PG"], ["release_date", Fri, 05 Nov 2004 00:00:00 UTC +00:00], ["title", "The Incredibles"], ["updated_at", Tue, 23 Jul 2013 05:43:54 UTC +00:00]]
  [1m[35mSQL (5.8ms)[0m  INSERT INTO "movies" ("created_at", "description", "rating", "release_date", "title", "updated_at") VALUES (?, ?, ?, ?, ?, ?)  [["created_at", Tue, 23 Jul 2013 05:43:54 UTC +00:00], ["description", nil], ["rating", "PG"], ["release_date", Fri, 12 Jun 1981 00:00:00 UTC +00:00], ["title", "Raiders of the Lost Ark"], ["updated_at", Tue, 23 Jul 2013 05:43:54 UTC +00:00]]
  [1m[36mSQL (6.4ms)[0m  [1mINSERT INTO "movies" ("created_at", "description", "rating", "release_date", "title", "updated_at") VALUES (?, ?, ?, ?, ?, ?)[0m  [["created_at", Tue, 23 Jul 2013 05:43:54 UTC +00:00], ["description", nil], ["rating", "G"], ["release_date", Wed, 21 Jun 2000 00:00:00 UTC +00:00], ["title", "Chicken Run"], ["updated_at", Tue, 23 Jul 2013 05:43:54 UTC +00:00]]


Started GET "/movies" for 127.0.0.1 at 2013-07-22 22:44:48 -0700
  Processing by MoviesController#index as HTML
  [1m[36mMovie Load (2.4ms)[0m  [1mSELECT "movies".* FROM "movies" [0m
Rendered movies/index.html.haml within layouts/application (82.8ms)
Compiled application.css  (1ms)  (pid 4545)
Compiled application.js  (25ms)  (pid 4545)
Compiled jquery.js  (34ms)  (pid 4545)
Compiled jquery_ujs.js  (30ms)  (pid 4545)
Completed 200 OK in 549ms (Views: 540.2ms | ActiveRecord: 6.5ms)


Started GET "/assets/application.css?body=1" for 127.0.0.1 at 2013-07-22 22:44:51 -0700
Served asset /application.css - 304 Not Modified (44ms)


Started GET "/assets/jquery.js?body=1" for 127.0.0.1 at 2013-07-22 22:44:51 -0700
Served asset /jquery.js - 304 Not Modified (58ms)


Started GET "/assets/jquery_ujs.js?body=1" for 127.0.0.1 at 2013-07-22 22:44:51 -0700
Served asset /jquery_ujs.js - 304 Not Modified (36ms)


Started GET "/assets/application.js?body=1" for 127.0.0.1 at 2013-07-22 22:44:51 -0700
Served asset /application.js - 304 Not Modified (163ms)


Started GET "/movies/1" for 127.0.0.1 at 2013-07-22 22:45:00 -0700
  Processing by MoviesController#show as HTML
  Parameters: {"id"=>"1"}
  [1m[35mMovie Load (10.7ms)[0m  SELECT "movies".* FROM "movies" WHERE "movies"."id" = ? LIMIT 1  [["id", "1"]]
Rendered movies/show.html.haml within layouts/application (15.0ms)
Completed 200 OK in 96ms (Views: 63.2ms | ActiveRecord: 18.4ms)


Started GET "/assets/application.css?body=1" for 127.0.0.1 at 2013-07-22 22:45:01 -0700
Served asset /application.css - 304 Not Modified (5ms)


Started GET "/assets/application.js?body=1" for 127.0.0.1 at 2013-07-22 22:45:01 -0700
Served asset /application.js - 304 Not Modified (3ms)


Started GET "/assets/jquery.js?body=1" for 127.0.0.1 at 2013-07-22 22:45:01 -0700
Served asset /jquery.js - 304 Not Modified (0ms)


Started GET "/assets/jquery_ujs.js?body=1" for 127.0.0.1 at 2013-07-22 22:45:01 -0700
Served asset /jquery_ujs.js - 304 Not Modified (0ms)


Started GET "/movies" for 127.0.0.1 at 2013-07-22 22:45:04 -0700
  Processing by MoviesController#index as HTML
  [1m[36mMovie Load (1.8ms)[0m  [1mSELECT "movies".* FROM "movies" [0m
Rendered movies/index.html.haml within layouts/application (13.6ms)
Completed 200 OK in 61ms (Views: 52.4ms | ActiveRecord: 5.7ms)


Started GET "/assets/application.css?body=1" for 127.0.0.1 at 2013-07-22 22:45:04 -0700
Served asset /application.css - 304 Not Modified (10ms)


Started GET "/assets/jquery.js?body=1" for 127.0.0.1 at 2013-07-22 22:45:05 -0700
Served asset /jquery.js - 304 Not Modified (0ms)


Started GET "/assets/jquery_ujs.js?body=1" for 127.0.0.1 at 2013-07-22 22:45:05 -0700
Served asset /jquery_ujs.js - 304 Not Modified (0ms)


Started GET "/assets/application.js?body=1" for 127.0.0.1 at 2013-07-22 22:45:05 -0700
Served asset /application.js - 304 Not Modified (2ms)


Started GET "/movies/7" for 127.0.0.1 at 2013-07-22 22:45:07 -0700
  Processing by MoviesController#show as HTML
  Parameters: {"id"=>"7"}
  [1m[35mMovie Load (9.7ms)[0m  SELECT "movies".* FROM "movies" WHERE "movies"."id" = ? LIMIT 1  [["id", "7"]]
Rendered movies/show.html.haml within layouts/application (9.4ms)
Completed 200 OK in 113ms (Views: 97.3ms | ActiveRecord: 12.8ms)


Started GET "/assets/application.css?body=1" for 127.0.0.1 at 2013-07-22 22:45:07 -0700
Served asset /application.css - 304 Not Modified (6ms)


Started GET "/assets/jquery.js?body=1" for 127.0.0.1 at 2013-07-22 22:45:07 -0700
Served asset /jquery.js - 304 Not Modified (0ms)


Started GET "/assets/jquery_ujs.js?body=1" for 127.0.0.1 at 2013-07-22 22:45:07 -0700
Served asset /jquery_ujs.js - 304 Not Modified (0ms)


Started GET "/assets/application.js?body=1" for 127.0.0.1 at 2013-07-22 22:45:07 -0700
Served asset /application.js - 304 Not Modified (3ms)
